<?xml version="1.0" encoding="UTF-8"?>
<testng-results skipped="0" failed="0" ignored="0" total="3" passed="3">
  <reporter-output>
  </reporter-output>
  <suite name="Default suite" duration-ms="179" started-at="2021-09-22T05:09:24 PDT" finished-at="2021-09-22T05:09:25 PDT">
    <groups>
    </groups>
    <test name="Default test" duration-ms="179" started-at="2021-09-22T05:09:24 PDT" finished-at="2021-09-22T05:09:25 PDT">
      <class name="com.casttest.ContactTest">
        <test-method status="PASS" signature="crearecontact()[pri:0, instance:com.casttest.ContactTest@48503868]" name="crearecontact" duration-ms="39" started-at="2021-09-22T05:09:25 PDT" finished-at="2021-09-22T05:09:25 PDT">
          <reporter-output>
          </reporter-output>
        </test-method> <!-- crearecontact -->
        <test-method status="PASS" signature="createwithcontact()[pri:0, instance:com.casttest.ContactTest@48503868]" name="createwithcontact" duration-ms="3" started-at="2021-09-22T05:09:25 PDT" finished-at="2021-09-22T05:09:25 PDT">
          <reporter-output>
          </reporter-output>
        </test-method> <!-- createwithcontact -->
        <test-method status="PASS" signature="deletecontact()[pri:0, instance:com.casttest.ContactTest@48503868]" name="deletecontact" duration-ms="1" started-at="2021-09-22T05:09:25 PDT" finished-at="2021-09-22T05:09:25 PDT">
          <reporter-output>
          </reporter-output>
        </test-method> <!-- deletecontact -->
      </class> <!-- com.casttest.ContactTest -->
    </test> <!-- Default test -->
  </suite> <!-- Default suite -->
</testng-results>
