<?xml version="1.0" encoding="UTF-8"?>
<!-- Generated by org.testng.reporters.JUnitXMLReporter -->
<testsuite hostname="DESKTOP-23CJB2H" ignored="0" name="Default test" tests="3" failures="0" timestamp="2021-09-22T05:09:25 PDT" time="0.179" errors="0">
  <testcase name="crearecontact" time="0.039" classname="com.casttest.ContactTest"/>
  <testcase name="createwithcontact" time="0.003" classname="com.casttest.ContactTest"/>
  <testcase name="deletecontact" time="0.001" classname="com.casttest.ContactTest"/>
</testsuite> <!-- Default test -->
